<?xml version="1.0" encoding="UTF-8"?>
<testng-results ignored="0" total="1" passed="1" failed="0" skipped="0">
  <reporter-output>
  </reporter-output>
  <suite started-at="2024-05-02T16:01:47 PST" name="Default suite" finished-at="2024-05-02T16:02:31 PST" duration-ms="43791">
    <groups>
    </groups>
    <test started-at="2024-05-02T16:01:47 PST" name="Default test" finished-at="2024-05-02T16:02:31 PST" duration-ms="43791">
      <class name="welcome_Page">
        <test-method signature="main()[pri:0, instance:welcome_Page@28f3b248]" started-at="2024-05-02T16:01:47 PST" name="main" finished-at="2024-05-02T16:02:31 PST" duration-ms="43734" status="PASS">
          <reporter-output>
          </reporter-output>
        </test-method> <!-- main -->
      </class> <!-- welcome_Page -->
    </test> <!-- Default test -->
  </suite> <!-- Default suite -->
</testng-results>
